


ARM Macro Assembler    Page 1 


    1 00000000                 AREA             WATER_CTRL, CODE, READONLY
    2 00000000                 ENTRY
    3 00000000                 EXPORT           __main
    4 00000000         
    5 00000000         ; GPIO Register Addresses
    6 00000000 E0028000 
                       IO0PIN  EQU              0xE0028000
    7 00000000 E0028004 
                       IO0SET  EQU              0xE0028004
    8 00000000 E0028008 
                       IO0DIR  EQU              0xE0028008
    9 00000000 E002800C 
                       IO0CLR  EQU              0xE002800C
   10 00000000         
   11 00000000 00000064 
                       LOW_TH  EQU              100
   12 00000000 000000C8 
                       HIGH_TH EQU              200
   13 00000000         
   14 00000000         __main
   15 00000000         
   16 00000000         ; Set P0.10 as output, rest input
   17 00000000 E59F0044        LDR              R0, =IO0DIR
   18 00000004 E3A01B01        MOV              R1, #0x00000400 ; (1 << 10)
   19 00000008 E5801000        STR              R1, [R0]
   20 0000000C         
   21 0000000C         LOOP
   22 0000000C         ; Read input
   23 0000000C E59F003C        LDR              R0, =IO0PIN
   24 00000010 E5901000        LDR              R1, [R0]
   25 00000014         
   26 00000014         ; Mask lower 8 bits
   27 00000014 E20110FF        AND              R1, R1, #0xFF
   28 00000018         
   29 00000018         ; If < LOW_TH ? LOW_LEVEL
   30 00000018 E3510064        CMP              R1, #LOW_TH
   31 0000001C BA000002        BLT              LOW_LEVEL
   32 00000020         
   33 00000020         ; If >= HIGH_TH ? HIGH_LEVEL
   34 00000020 E35100C8        CMP              R1, #HIGH_TH
   35 00000024 AA000004        BGE              HIGH_LEVEL
   36 00000028         
   37 00000028 EAFFFFF7        B                LOOP
   38 0000002C         
   39 0000002C         LOW_LEVEL
   40 0000002C         ; Pump ON
   41 0000002C E59F0020        LDR              R0, =IO0SET
   42 00000030 E3A01B01        MOV              R1, #0x00000400
   43 00000034 E5801000        STR              R1, [R0]
   44 00000038 EAFFFFF3        B                LOOP
   45 0000003C         
   46 0000003C         HIGH_LEVEL
   47 0000003C         ; Pump OFF
   48 0000003C E59F0014        LDR              R0, =IO0CLR
   49 00000040 E3A01B01        MOV              R1, #0x00000400
   50 00000044 E5801000        STR              R1, [R0]
   51 00000048 EAFFFFEF        B                LOOP
   52 0000004C         
   53 0000004C                 END



ARM Macro Assembler    Page 2 


              E0028008 
              E0028000 
              E0028004 
              E002800C 
Command Line: --debug --xref --apcs=interwork --depend=.\waterlevelcontrol.d -o
.\waterlevelcontrol.o -IC:\Keil474\ARM\RV31\INC -IC:\Keil474\ARM\CMSIS\Include 
-IC:\Keil474\ARM\Inc\Philips --predefine="__EVAL SETA 1" --list=.\waterlevelcon
trol.lst waterlevelcontrol.s



ARM Macro Assembler    Page 1 Alphabetic symbol ordering
Relocatable symbols

HIGH_LEVEL 0000003C

Symbol: HIGH_LEVEL
   Definitions
      At line 46 in file waterlevelcontrol.s
   Uses
      At line 35 in file waterlevelcontrol.s
Comment: HIGH_LEVEL used once
LOOP 0000000C

Symbol: LOOP
   Definitions
      At line 21 in file waterlevelcontrol.s
   Uses
      At line 37 in file waterlevelcontrol.s
      At line 44 in file waterlevelcontrol.s
      At line 51 in file waterlevelcontrol.s

LOW_LEVEL 0000002C

Symbol: LOW_LEVEL
   Definitions
      At line 39 in file waterlevelcontrol.s
   Uses
      At line 31 in file waterlevelcontrol.s
Comment: LOW_LEVEL used once
WATER_CTRL 00000000

Symbol: WATER_CTRL
   Definitions
      At line 1 in file waterlevelcontrol.s
   Uses
      None
Comment: WATER_CTRL unused
__main 00000000

Symbol: __main
   Definitions
      At line 14 in file waterlevelcontrol.s
   Uses
      At line 3 in file waterlevelcontrol.s
Comment: __main used once
5 symbols



ARM Macro Assembler    Page 1 Alphabetic symbol ordering
Absolute symbols

HIGH_TH 000000C8

Symbol: HIGH_TH
   Definitions
      At line 12 in file waterlevelcontrol.s
   Uses
      At line 34 in file waterlevelcontrol.s
Comment: HIGH_TH used once
IO0CLR E002800C

Symbol: IO0CLR
   Definitions
      At line 9 in file waterlevelcontrol.s
   Uses
      At line 48 in file waterlevelcontrol.s
Comment: IO0CLR used once
IO0DIR E0028008

Symbol: IO0DIR
   Definitions
      At line 8 in file waterlevelcontrol.s
   Uses
      At line 17 in file waterlevelcontrol.s
Comment: IO0DIR used once
IO0PIN E0028000

Symbol: IO0PIN
   Definitions
      At line 6 in file waterlevelcontrol.s
   Uses
      At line 23 in file waterlevelcontrol.s
Comment: IO0PIN used once
IO0SET E0028004

Symbol: IO0SET
   Definitions
      At line 7 in file waterlevelcontrol.s
   Uses
      At line 41 in file waterlevelcontrol.s
Comment: IO0SET used once
LOW_TH 00000064

Symbol: LOW_TH
   Definitions
      At line 11 in file waterlevelcontrol.s
   Uses
      At line 30 in file waterlevelcontrol.s
Comment: LOW_TH used once
6 symbols
344 symbols in table
